<?xml version="1.0" encoding="UTF-8"?>
<!-- Generated by org.testng.reporters.JUnitReportReporter -->
<testsuite hostname="DESKTOP-4334PHR" name="com.businesscripts.TestTwoDemo" tests="1" failures="0" timestamp="22 Jun 2021 04:10:33 GMT" time="25.881" errors="0">
  <testcase name="demo" time="25.881" classname="com.businesscripts.TestTwoDemo"/>
</testsuite> <!-- com.businesscripts.TestTwoDemo -->
