<?xml version="1.0" encoding="UTF-8"?>
<!-- Generated by org.testng.reporters.JUnitReportReporter -->
<testsuite hostname="DESKTOP-4334PHR" name="com.businesscripts.TestOneDemo" tests="1" failures="0" timestamp="22 Jun 2021 04:10:33 GMT" time="48.083" errors="0">
  <testcase name="test" time="48.083" classname="com.businesscripts.TestOneDemo"/>
</testsuite> <!-- com.businesscripts.TestOneDemo -->
